                              1 ;--------------------------------------------------------
                              2 ; File Created by SDCC : free open source ANSI-C Compiler
                              3 ; Version 4.0.0 #11528 (MINGW64)
                              4 ;--------------------------------------------------------
                              5 	.module Sprites
                              6 	.optsdcc -mgbz80
                              7 	
                              8 ;--------------------------------------------------------
                              9 ; Public variables in this module
                             10 ;--------------------------------------------------------
                             11 	.globl _Sprites
                             12 ;--------------------------------------------------------
                             13 ; special function registers
                             14 ;--------------------------------------------------------
                             15 ;--------------------------------------------------------
                             16 ; ram data
                             17 ;--------------------------------------------------------
                             18 	.area _DATA
                             19 ;--------------------------------------------------------
                             20 ; absolute external ram data
                             21 ;--------------------------------------------------------
                             22 	.area _DABS (ABS)
                             23 ;--------------------------------------------------------
                             24 ; global & static initialisations
                             25 ;--------------------------------------------------------
                             26 	.area _HOME
                             27 	.area _GSINIT
                             28 	.area _GSFINAL
                             29 	.area _GSINIT
                             30 ;--------------------------------------------------------
                             31 ; Home
                             32 ;--------------------------------------------------------
                             33 	.area _HOME
                             34 	.area _HOME
                             35 ;--------------------------------------------------------
                             36 ; code
                             37 ;--------------------------------------------------------
                             38 	.area _CODE
                             39 	.area _CODE
   0000                      40 _Sprites:
   0000 0F                   41 	.db #0x0f	; 15
   0001 0F                   42 	.db #0x0f	; 15
   0002 14                   43 	.db #0x14	; 20
   0003 10                   44 	.db #0x10	; 16
   0004 3F                   45 	.db #0x3f	; 63
   0005 2F                   46 	.db #0x2f	; 47
   0006 57                   47 	.db #0x57	; 87	'W'
   0007 58                   48 	.db #0x58	; 88	'X'
   0008 5F                   49 	.db #0x5f	; 95
   0009 53                   50 	.db #0x53	; 83	'S'
   000A 7C                   51 	.db #0x7c	; 124
   000B 57                   52 	.db #0x57	; 87	'W'
   000C 2C                   53 	.db #0x2c	; 44
   000D 37                   54 	.db #0x37	; 55	'7'
   000E 74                   55 	.db #0x74	; 116	't'
   000F 7F                   56 	.db #0x7f	; 127
   0010 A4                   57 	.db #0xa4	; 164
   0011 BF                   58 	.db #0xbf	; 191
   0012 E4                   59 	.db #0xe4	; 228
   0013 BF                   60 	.db #0xbf	; 191
   0014 EC                   61 	.db #0xec	; 236
   0015 BF                   62 	.db #0xbf	; 191
   0016 64                   63 	.db #0x64	; 100	'd'
   0017 7F                   64 	.db #0x7f	; 127
   0018 47                   65 	.db #0x47	; 71	'G'
   0019 7F                   66 	.db #0x7f	; 127
   001A 40                   67 	.db #0x40	; 64
   001B 7F                   68 	.db #0x7f	; 127
   001C 80                   69 	.db #0x80	; 128
   001D FF                   70 	.db #0xff	; 255
   001E FF                   71 	.db #0xff	; 255
   001F FF                   72 	.db #0xff	; 255
   0020 E0                   73 	.db #0xe0	; 224
   0021 E0                   74 	.db #0xe0	; 224
   0022 D0                   75 	.db #0xd0	; 208
   0023 10                   76 	.db #0x10	; 16
   0024 F8                   77 	.db #0xf8	; 248
   0025 E8                   78 	.db #0xe8	; 232
   0026 F4                   79 	.db #0xf4	; 244
   0027 14                   80 	.db #0x14	; 20
   0028 F6                   81 	.db #0xf6	; 246
   0029 92                   82 	.db #0x92	; 146
   002A 76                   83 	.db #0x76	; 118	'v'
   002B D2                   84 	.db #0xd2	; 210
   002C 76                   85 	.db #0x76	; 118	'v'
   002D CE                   86 	.db #0xce	; 206
   002E 4C                   87 	.db #0x4c	; 76	'L'
   002F FC                   88 	.db #0xfc	; 252
   0030 44                   89 	.db #0x44	; 68	'D'
   0031 F8                   90 	.db #0xf8	; 248
   0032 4E                   91 	.db #0x4e	; 78	'N'
   0033 FA                   92 	.db #0xfa	; 250
   0034 6A                   93 	.db #0x6a	; 106	'j'
   0035 FE                   94 	.db #0xfe	; 254
   0036 81                   95 	.db #0x81	; 129
   0037 FF                   96 	.db #0xff	; 255
   0038 07                   97 	.db #0x07	; 7
   0039 FD                   98 	.db #0xfd	; 253
   003A 1E                   99 	.db #0x1e	; 30
   003B FE                  100 	.db #0xfe	; 254
   003C 3C                  101 	.db #0x3c	; 60
   003D E4                  102 	.db #0xe4	; 228
   003E F8                  103 	.db #0xf8	; 248
   003F F8                  104 	.db #0xf8	; 248
   0040 07                  105 	.db #0x07	; 7
   0041 07                  106 	.db #0x07	; 7
   0042 0B                  107 	.db #0x0b	; 11
   0043 08                  108 	.db #0x08	; 8
   0044 1F                  109 	.db #0x1f	; 31
   0045 17                  110 	.db #0x17	; 23
   0046 2F                  111 	.db #0x2f	; 47
   0047 28                  112 	.db #0x28	; 40
   0048 6F                  113 	.db #0x6f	; 111	'o'
   0049 49                  114 	.db #0x49	; 73	'I'
   004A 6E                  115 	.db #0x6e	; 110	'n'
   004B 4B                  116 	.db #0x4b	; 75	'K'
   004C 6E                  117 	.db #0x6e	; 110	'n'
   004D 73                  118 	.db #0x73	; 115	's'
   004E 32                  119 	.db #0x32	; 50	'2'
   004F 3F                  120 	.db #0x3f	; 63
   0050 22                  121 	.db #0x22	; 34
   0051 1F                  122 	.db #0x1f	; 31
   0052 72                  123 	.db #0x72	; 114	'r'
   0053 5F                  124 	.db #0x5f	; 95
   0054 56                  125 	.db #0x56	; 86	'V'
   0055 7F                  126 	.db #0x7f	; 127
   0056 81                  127 	.db #0x81	; 129
   0057 FF                  128 	.db #0xff	; 255
   0058 E0                  129 	.db #0xe0	; 224
   0059 BF                  130 	.db #0xbf	; 191
   005A 78                  131 	.db #0x78	; 120	'x'
   005B 7F                  132 	.db #0x7f	; 127
   005C 3C                  133 	.db #0x3c	; 60
   005D 27                  134 	.db #0x27	; 39
   005E 1F                  135 	.db #0x1f	; 31
   005F 1F                  136 	.db #0x1f	; 31
   0060 F0                  137 	.db #0xf0	; 240
   0061 F0                  138 	.db #0xf0	; 240
   0062 28                  139 	.db #0x28	; 40
   0063 08                  140 	.db #0x08	; 8
   0064 FC                  141 	.db #0xfc	; 252
   0065 F4                  142 	.db #0xf4	; 244
   0066 EA                  143 	.db #0xea	; 234
   0067 1A                  144 	.db #0x1a	; 26
   0068 FA                  145 	.db #0xfa	; 250
   0069 CA                  146 	.db #0xca	; 202
   006A 3E                  147 	.db #0x3e	; 62
   006B EA                  148 	.db #0xea	; 234
   006C 34                  149 	.db #0x34	; 52	'4'
   006D EC                  150 	.db #0xec	; 236
   006E 2E                  151 	.db #0x2e	; 46
   006F FE                  152 	.db #0xfe	; 254
   0070 25                  153 	.db #0x25	; 37
   0071 FD                  154 	.db #0xfd	; 253
   0072 27                  155 	.db #0x27	; 39
   0073 FD                  156 	.db #0xfd	; 253
   0074 37                  157 	.db #0x37	; 55	'7'
   0075 FD                  158 	.db #0xfd	; 253
   0076 26                  159 	.db #0x26	; 38
   0077 FE                  160 	.db #0xfe	; 254
   0078 E2                  161 	.db #0xe2	; 226
   0079 FE                  162 	.db #0xfe	; 254
   007A 02                  163 	.db #0x02	; 2
   007B FE                  164 	.db #0xfe	; 254
   007C 01                  165 	.db #0x01	; 1
   007D FF                  166 	.db #0xff	; 255
   007E FF                  167 	.db #0xff	; 255
   007F FF                  168 	.db #0xff	; 255
   0080 07                  169 	.db #0x07	; 7
   0081 07                  170 	.db #0x07	; 7
   0082 18                  171 	.db #0x18	; 24
   0083 18                  172 	.db #0x18	; 24
   0084 23                  173 	.db #0x23	; 35
   0085 30                  174 	.db #0x30	; 48	'0'
   0086 5F                  175 	.db #0x5f	; 95
   0087 50                  176 	.db #0x50	; 80	'P'
   0088 5F                  177 	.db #0x5f	; 95
   0089 43                  178 	.db #0x43	; 67	'C'
   008A 7E                  179 	.db #0x7e	; 126
   008B 4E                  180 	.db #0x4e	; 78	'N'
   008C 22                  181 	.db #0x22	; 34
   008D 32                  182 	.db #0x32	; 50	'2'
   008E 72                  183 	.db #0x72	; 114	'r'
   008F 62                  184 	.db #0x62	; 98	'b'
   0090 F8                  185 	.db #0xf8	; 248
   0091 90                  186 	.db #0x90	; 144
   0092 9F                  187 	.db #0x9f	; 159
   0093 9F                  188 	.db #0x9f	; 159
   0094 74                  189 	.db #0x74	; 116	't'
   0095 6F                  190 	.db #0x6f	; 111	'o'
   0096 7E                  191 	.db #0x7e	; 126
   0097 7B                  192 	.db #0x7b	; 123
   0098 5F                  193 	.db #0x5f	; 95
   0099 6B                  194 	.db #0x6b	; 107	'k'
   009A 7F                  195 	.db #0x7f	; 127
   009B 7C                  196 	.db #0x7c	; 124
   009C 67                  197 	.db #0x67	; 103	'g'
   009D 63                  198 	.db #0x63	; 99	'c'
   009E 3F                  199 	.db #0x3f	; 63
   009F 3F                  200 	.db #0x3f	; 63
   00A0 E0                  201 	.db #0xe0	; 224
   00A1 E0                  202 	.db #0xe0	; 224
   00A2 18                  203 	.db #0x18	; 24
   00A3 18                  204 	.db #0x18	; 24
   00A4 C4                  205 	.db #0xc4	; 196
   00A5 0C                  206 	.db #0x0c	; 12
   00A6 FA                  207 	.db #0xfa	; 250
   00A7 0A                  208 	.db #0x0a	; 10
   00A8 FA                  209 	.db #0xfa	; 250
   00A9 C2                  210 	.db #0xc2	; 194
   00AA 7E                  211 	.db #0x7e	; 126
   00AB 72                  212 	.db #0x72	; 114	'r'
   00AC 44                  213 	.db #0x44	; 68	'D'
   00AD 4C                  214 	.db #0x4c	; 76	'L'
   00AE 4E                  215 	.db #0x4e	; 78	'N'
   00AF 46                  216 	.db #0x46	; 70	'F'
   00B0 37                  217 	.db #0x37	; 55	'7'
   00B1 19                  218 	.db #0x19	; 25
   00B2 FF                  219 	.db #0xff	; 255
   00B3 F1                  220 	.db #0xf1	; 241
   00B4 43                  221 	.db #0x43	; 67	'C'
   00B5 E1                  222 	.db #0xe1	; 225
   00B6 42                  223 	.db #0x42	; 66	'B'
   00B7 E2                  224 	.db #0xe2	; 226
   00B8 DE                  225 	.db #0xde	; 222
   00B9 E2                  226 	.db #0xe2	; 226
   00BA FE                  227 	.db #0xfe	; 254
   00BB 3E                  228 	.db #0x3e	; 62
   00BC EE                  229 	.db #0xee	; 238
   00BD FE                  230 	.db #0xfe	; 254
   00BE F8                  231 	.db #0xf8	; 248
   00BF F8                  232 	.db #0xf8	; 248
   00C0 0F                  233 	.db #0x0f	; 15
   00C1 0F                  234 	.db #0x0f	; 15
   00C2 30                  235 	.db #0x30	; 48	'0'
   00C3 30                  236 	.db #0x30	; 48	'0'
   00C4 47                  237 	.db #0x47	; 71	'G'
   00C5 60                  238 	.db #0x60	; 96
   00C6 BF                  239 	.db #0xbf	; 191
   00C7 A0                  240 	.db #0xa0	; 160
   00C8 BF                  241 	.db #0xbf	; 191
   00C9 87                  242 	.db #0x87	; 135
   00CA FC                  243 	.db #0xfc	; 252
   00CB 9C                  244 	.db #0x9c	; 156
   00CC 44                  245 	.db #0x44	; 68	'D'
   00CD 64                  246 	.db #0x64	; 100	'd'
   00CE E4                  247 	.db #0xe4	; 228
   00CF C4                  248 	.db #0xc4	; 196
   00D0 D8                  249 	.db #0xd8	; 216
   00D1 B0                  250 	.db #0xb0	; 176
   00D2 FF                  251 	.db #0xff	; 255
   00D3 9F                  252 	.db #0x9f	; 159
   00D4 C4                  253 	.db #0xc4	; 196
   00D5 87                  254 	.db #0x87	; 135
   00D6 44                  255 	.db #0x44	; 68	'D'
   00D7 47                  256 	.db #0x47	; 71	'G'
   00D8 7F                  257 	.db #0x7f	; 127
   00D9 47                  258 	.db #0x47	; 71	'G'
   00DA 7F                  259 	.db #0x7f	; 127
   00DB 78                  260 	.db #0x78	; 120	'x'
   00DC 77                  261 	.db #0x77	; 119	'w'
   00DD 7F                  262 	.db #0x7f	; 127
   00DE 1F                  263 	.db #0x1f	; 31
   00DF 1F                  264 	.db #0x1f	; 31
   00E0 C0                  265 	.db #0xc0	; 192
   00E1 C0                  266 	.db #0xc0	; 192
   00E2 30                  267 	.db #0x30	; 48	'0'
   00E3 30                  268 	.db #0x30	; 48	'0'
   00E4 88                  269 	.db #0x88	; 136
   00E5 18                  270 	.db #0x18	; 24
   00E6 F4                  271 	.db #0xf4	; 244
   00E7 14                  272 	.db #0x14	; 20
   00E8 F4                  273 	.db #0xf4	; 244
   00E9 84                  274 	.db #0x84	; 132
   00EA FC                  275 	.db #0xfc	; 252
   00EB E4                  276 	.db #0xe4	; 228
   00EC 88                  277 	.db #0x88	; 136
   00ED 98                  278 	.db #0x98	; 152
   00EE 9C                  279 	.db #0x9c	; 156
   00EF 8C                  280 	.db #0x8c	; 140
   00F0 3E                  281 	.db #0x3e	; 62
   00F1 1A                  282 	.db #0x1a	; 26
   00F2 F2                  283 	.db #0xf2	; 242
   00F3 F2                  284 	.db #0xf2	; 242
   00F4 4E                  285 	.db #0x4e	; 78	'N'
   00F5 F6                  286 	.db #0xf6	; 246
   00F6 7E                  287 	.db #0x7e	; 126
   00F7 DE                  288 	.db #0xde	; 222
   00F8 FA                  289 	.db #0xfa	; 250
   00F9 D6                  290 	.db #0xd6	; 214
   00FA FE                  291 	.db #0xfe	; 254
   00FB 3E                  292 	.db #0x3e	; 62
   00FC E8                  293 	.db #0xe8	; 232
   00FD 88                  294 	.db #0x88	; 136
   00FE F8                  295 	.db #0xf8	; 248
   00FF F8                  296 	.db #0xf8	; 248
   0100 7F                  297 	.db #0x7f	; 127
   0101 7F                  298 	.db #0x7f	; 127
   0102 81                  299 	.db #0x81	; 129
   0103 81                  300 	.db #0x81	; 129
   0104 9C                  301 	.db #0x9c	; 156
   0105 80                  302 	.db #0x80	; 128
   0106 BF                  303 	.db #0xbf	; 191
   0107 81                  304 	.db #0x81	; 129
   0108 FF                  305 	.db #0xff	; 255
   0109 BC                  306 	.db #0xbc	; 188
   010A 4B                  307 	.db #0x4b	; 75	'K'
   010B 4B                  308 	.db #0x4b	; 75	'K'
   010C 49                  309 	.db #0x49	; 73	'I'
   010D 49                  310 	.db #0x49	; 73	'I'
   010E 81                  311 	.db #0x81	; 129
   010F 80                  312 	.db #0x80	; 128
   0110 63                  313 	.db #0x63	; 99	'c'
   0111 41                  314 	.db #0x41	; 65	'A'
   0112 3E                  315 	.db #0x3e	; 62
   0113 3F                  316 	.db #0x3f	; 63
   0114 77                  317 	.db #0x77	; 119	'w'
   0115 4F                  318 	.db #0x4f	; 79	'O'
   0116 74                  319 	.db #0x74	; 116	't'
   0117 4C                  320 	.db #0x4c	; 76	'L'
   0118 35                  321 	.db #0x35	; 53	'5'
   0119 2C                  322 	.db #0x2c	; 44
   011A 2F                  323 	.db #0x2f	; 47
   011B 3F                  324 	.db #0x3f	; 63
   011C 18                  325 	.db #0x18	; 24
   011D 18                  326 	.db #0x18	; 24
   011E 3F                  327 	.db #0x3f	; 63
   011F 3F                  328 	.db #0x3f	; 63
   0120 C0                  329 	.db #0xc0	; 192
   0121 C0                  330 	.db #0xc0	; 192
   0122 FE                  331 	.db #0xfe	; 254
   0123 3E                  332 	.db #0x3e	; 62
   0124 F1                  333 	.db #0xf1	; 241
   0125 9F                  334 	.db #0x9f	; 159
   0126 F1                  335 	.db #0xf1	; 241
   0127 5F                  336 	.db #0x5f	; 95
   0128 F9                  337 	.db #0xf9	; 249
   0129 EF                  338 	.db #0xef	; 239
   012A 29                  339 	.db #0x29	; 41
   012B 3F                  340 	.db #0x3f	; 63
   012C AA                  341 	.db #0xaa	; 170
   012D 3E                  342 	.db #0x3e	; 62
   012E D4                  343 	.db #0xd4	; 212
   012F F4                  344 	.db #0xf4	; 244
   0130 F0                  345 	.db #0xf0	; 240
   0131 B0                  346 	.db #0xb0	; 176
   0132 30                  347 	.db #0x30	; 48	'0'
   0133 D0                  348 	.db #0xd0	; 208
   0134 C8                  349 	.db #0xc8	; 200
   0135 F8                  350 	.db #0xf8	; 248
   0136 C8                  351 	.db #0xc8	; 200
   0137 B8                  352 	.db #0xb8	; 184
   0138 E8                  353 	.db #0xe8	; 232
   0139 B8                  354 	.db #0xb8	; 184
   013A A8                  355 	.db #0xa8	; 168
   013B B8                  356 	.db #0xb8	; 184
   013C 28                  357 	.db #0x28	; 40
   013D 38                  358 	.db #0x38	; 56	'8'
   013E F8                  359 	.db #0xf8	; 248
   013F F8                  360 	.db #0xf8	; 248
   0140 7F                  361 	.db #0x7f	; 127
   0141 7F                  362 	.db #0x7f	; 127
   0142 81                  363 	.db #0x81	; 129
   0143 81                  364 	.db #0x81	; 129
   0144 9C                  365 	.db #0x9c	; 156
   0145 80                  366 	.db #0x80	; 128
   0146 BF                  367 	.db #0xbf	; 191
   0147 81                  368 	.db #0x81	; 129
   0148 FF                  369 	.db #0xff	; 255
   0149 BC                  370 	.db #0xbc	; 188
   014A 4B                  371 	.db #0x4b	; 75	'K'
   014B 4B                  372 	.db #0x4b	; 75	'K'
   014C 49                  373 	.db #0x49	; 73	'I'
   014D 49                  374 	.db #0x49	; 73	'I'
   014E 81                  375 	.db #0x81	; 129
   014F 80                  376 	.db #0x80	; 128
   0150 63                  377 	.db #0x63	; 99	'c'
   0151 41                  378 	.db #0x41	; 65	'A'
   0152 3E                  379 	.db #0x3e	; 62
   0153 3F                  380 	.db #0x3f	; 63
   0154 7F                  381 	.db #0x7f	; 127
   0155 47                  382 	.db #0x47	; 71	'G'
   0156 61                  383 	.db #0x61	; 97	'a'
   0157 61                  384 	.db #0x61	; 97	'a'
   0158 2F                  385 	.db #0x2f	; 47
   0159 21                  386 	.db #0x21	; 33
   015A 3F                  387 	.db #0x3f	; 63
   015B 3F                  388 	.db #0x3f	; 63
   015C 41                  389 	.db #0x41	; 65	'A'
   015D 7F                  390 	.db #0x7f	; 127
   015E 7F                  391 	.db #0x7f	; 127
   015F 7F                  392 	.db #0x7f	; 127
   0160 C0                  393 	.db #0xc0	; 192
   0161 C0                  394 	.db #0xc0	; 192
   0162 FC                  395 	.db #0xfc	; 252
   0163 3C                  396 	.db #0x3c	; 60
   0164 F2                  397 	.db #0xf2	; 242
   0165 9E                  398 	.db #0x9e	; 158
   0166 F9                  399 	.db #0xf9	; 249
   0167 4F                  400 	.db #0x4f	; 79	'O'
   0168 F9                  401 	.db #0xf9	; 249
   0169 EF                  402 	.db #0xef	; 239
   016A 29                  403 	.db #0x29	; 41
   016B 3F                  404 	.db #0x3f	; 63
   016C AA                  405 	.db #0xaa	; 170
   016D 3E                  406 	.db #0x3e	; 62
   016E D4                  407 	.db #0xd4	; 212
   016F F4                  408 	.db #0xf4	; 244
   0170 F8                  409 	.db #0xf8	; 248
   0171 98                  410 	.db #0x98	; 152
   0172 38                  411 	.db #0x38	; 56	'8'
   0173 C8                  412 	.db #0xc8	; 200
   0174 D0                  413 	.db #0xd0	; 208
   0175 F0                  414 	.db #0xf0	; 240
   0176 F8                  415 	.db #0xf8	; 248
   0177 A8                  416 	.db #0xa8	; 168
   0178 E8                  417 	.db #0xe8	; 232
   0179 A8                  418 	.db #0xa8	; 168
   017A E8                  419 	.db #0xe8	; 232
   017B E8                  420 	.db #0xe8	; 232
   017C 68                  421 	.db #0x68	; 104	'h'
   017D 28                  422 	.db #0x28	; 40
   017E F0                  423 	.db #0xf0	; 240
   017F F0                  424 	.db #0xf0	; 240
   0180 03                  425 	.db #0x03	; 3
   0181 03                  426 	.db #0x03	; 3
   0182 7F                  427 	.db #0x7f	; 127
   0183 7C                  428 	.db #0x7c	; 124
   0184 8F                  429 	.db #0x8f	; 143
   0185 F9                  430 	.db #0xf9	; 249
   0186 8F                  431 	.db #0x8f	; 143
   0187 FA                  432 	.db #0xfa	; 250
   0188 9F                  433 	.db #0x9f	; 159
   0189 F7                  434 	.db #0xf7	; 247
   018A 94                  435 	.db #0x94	; 148
   018B FC                  436 	.db #0xfc	; 252
   018C 55                  437 	.db #0x55	; 85	'U'
   018D 7C                  438 	.db #0x7c	; 124
   018E 2B                  439 	.db #0x2b	; 43
   018F 2F                  440 	.db #0x2f	; 47
   0190 0F                  441 	.db #0x0f	; 15
   0191 0D                  442 	.db #0x0d	; 13
   0192 0C                  443 	.db #0x0c	; 12
   0193 0B                  444 	.db #0x0b	; 11
   0194 13                  445 	.db #0x13	; 19
   0195 1F                  446 	.db #0x1f	; 31
   0196 13                  447 	.db #0x13	; 19
   0197 1D                  448 	.db #0x1d	; 29
   0198 17                  449 	.db #0x17	; 23
   0199 1D                  450 	.db #0x1d	; 29
   019A 15                  451 	.db #0x15	; 21
   019B 1D                  452 	.db #0x1d	; 29
   019C 14                  453 	.db #0x14	; 20
   019D 1C                  454 	.db #0x1c	; 28
   019E 1F                  455 	.db #0x1f	; 31
   019F 1F                  456 	.db #0x1f	; 31
   01A0 FE                  457 	.db #0xfe	; 254
   01A1 FE                  458 	.db #0xfe	; 254
   01A2 81                  459 	.db #0x81	; 129
   01A3 81                  460 	.db #0x81	; 129
   01A4 39                  461 	.db #0x39	; 57	'9'
   01A5 01                  462 	.db #0x01	; 1
   01A6 FD                  463 	.db #0xfd	; 253
   01A7 81                  464 	.db #0x81	; 129
   01A8 FF                  465 	.db #0xff	; 255
   01A9 3D                  466 	.db #0x3d	; 61
   01AA D2                  467 	.db #0xd2	; 210
   01AB D2                  468 	.db #0xd2	; 210
   01AC 92                  469 	.db #0x92	; 146
   01AD 92                  470 	.db #0x92	; 146
   01AE 81                  471 	.db #0x81	; 129
   01AF 01                  472 	.db #0x01	; 1
   01B0 C6                  473 	.db #0xc6	; 198
   01B1 82                  474 	.db #0x82	; 130
   01B2 7C                  475 	.db #0x7c	; 124
   01B3 FC                  476 	.db #0xfc	; 252
   01B4 EE                  477 	.db #0xee	; 238
   01B5 F2                  478 	.db #0xf2	; 242
   01B6 2E                  479 	.db #0x2e	; 46
   01B7 32                  480 	.db #0x32	; 50	'2'
   01B8 AC                  481 	.db #0xac	; 172
   01B9 34                  482 	.db #0x34	; 52	'4'
   01BA F4                  483 	.db #0xf4	; 244
   01BB FC                  484 	.db #0xfc	; 252
   01BC 18                  485 	.db #0x18	; 24
   01BD 18                  486 	.db #0x18	; 24
   01BE FC                  487 	.db #0xfc	; 252
   01BF FC                  488 	.db #0xfc	; 252
   01C0 03                  489 	.db #0x03	; 3
   01C1 03                  490 	.db #0x03	; 3
   01C2 3F                  491 	.db #0x3f	; 63
   01C3 3C                  492 	.db #0x3c	; 60
   01C4 4F                  493 	.db #0x4f	; 79	'O'
   01C5 79                  494 	.db #0x79	; 121	'y'
   01C6 9F                  495 	.db #0x9f	; 159
   01C7 F2                  496 	.db #0xf2	; 242
   01C8 9F                  497 	.db #0x9f	; 159
   01C9 F7                  498 	.db #0xf7	; 247
   01CA 94                  499 	.db #0x94	; 148
   01CB FC                  500 	.db #0xfc	; 252
   01CC 55                  501 	.db #0x55	; 85	'U'
   01CD 7C                  502 	.db #0x7c	; 124
   01CE 2B                  503 	.db #0x2b	; 43
   01CF 2F                  504 	.db #0x2f	; 47
   01D0 1F                  505 	.db #0x1f	; 31
   01D1 19                  506 	.db #0x19	; 25
   01D2 1C                  507 	.db #0x1c	; 28
   01D3 13                  508 	.db #0x13	; 19
   01D4 0B                  509 	.db #0x0b	; 11
   01D5 0F                  510 	.db #0x0f	; 15
   01D6 1F                  511 	.db #0x1f	; 31
   01D7 15                  512 	.db #0x15	; 21
   01D8 17                  513 	.db #0x17	; 23
   01D9 15                  514 	.db #0x15	; 21
   01DA 17                  515 	.db #0x17	; 23
   01DB 17                  516 	.db #0x17	; 23
   01DC 16                  517 	.db #0x16	; 22
   01DD 14                  518 	.db #0x14	; 20
   01DE 0F                  519 	.db #0x0f	; 15
   01DF 0F                  520 	.db #0x0f	; 15
   01E0 FE                  521 	.db #0xfe	; 254
   01E1 FE                  522 	.db #0xfe	; 254
   01E2 81                  523 	.db #0x81	; 129
   01E3 81                  524 	.db #0x81	; 129
   01E4 39                  525 	.db #0x39	; 57	'9'
   01E5 01                  526 	.db #0x01	; 1
   01E6 FD                  527 	.db #0xfd	; 253
   01E7 81                  528 	.db #0x81	; 129
   01E8 FF                  529 	.db #0xff	; 255
   01E9 3D                  530 	.db #0x3d	; 61
   01EA D2                  531 	.db #0xd2	; 210
   01EB D2                  532 	.db #0xd2	; 210
   01EC 92                  533 	.db #0x92	; 146
   01ED 92                  534 	.db #0x92	; 146
   01EE 81                  535 	.db #0x81	; 129
   01EF 01                  536 	.db #0x01	; 1
   01F0 C6                  537 	.db #0xc6	; 198
   01F1 82                  538 	.db #0x82	; 130
   01F2 7C                  539 	.db #0x7c	; 124
   01F3 FC                  540 	.db #0xfc	; 252
   01F4 FE                  541 	.db #0xfe	; 254
   01F5 E2                  542 	.db #0xe2	; 226
   01F6 86                  543 	.db #0x86	; 134
   01F7 86                  544 	.db #0x86	; 134
   01F8 F4                  545 	.db #0xf4	; 244
   01F9 84                  546 	.db #0x84	; 132
   01FA FC                  547 	.db #0xfc	; 252
   01FB FC                  548 	.db #0xfc	; 252
   01FC 82                  549 	.db #0x82	; 130
   01FD FE                  550 	.db #0xfe	; 254
   01FE FE                  551 	.db #0xfe	; 254
   01FF FE                  552 	.db #0xfe	; 254
   0200 00                  553 	.db #0x00	; 0
   0201 00                  554 	.db #0x00	; 0
   0202 00                  555 	.db #0x00	; 0
   0203 00                  556 	.db #0x00	; 0
   0204 00                  557 	.db #0x00	; 0
   0205 00                  558 	.db #0x00	; 0
   0206 00                  559 	.db #0x00	; 0
   0207 00                  560 	.db #0x00	; 0
   0208 00                  561 	.db #0x00	; 0
   0209 00                  562 	.db #0x00	; 0
   020A 00                  563 	.db #0x00	; 0
   020B 00                  564 	.db #0x00	; 0
   020C 7F                  565 	.db #0x7f	; 127
   020D 7F                  566 	.db #0x7f	; 127
   020E F8                  567 	.db #0xf8	; 248
   020F 87                  568 	.db #0x87	; 135
   0210 77                  569 	.db #0x77	; 119	'w'
   0211 4F                  570 	.db #0x4f	; 79	'O'
   0212 54                  571 	.db #0x54	; 84	'T'
   0213 7C                  572 	.db #0x7c	; 124
   0214 28                  573 	.db #0x28	; 40
   0215 28                  574 	.db #0x28	; 40
   0216 00                  575 	.db #0x00	; 0
   0217 00                  576 	.db #0x00	; 0
   0218 00                  577 	.db #0x00	; 0
   0219 00                  578 	.db #0x00	; 0
   021A 00                  579 	.db #0x00	; 0
   021B 00                  580 	.db #0x00	; 0
   021C 00                  581 	.db #0x00	; 0
   021D 00                  582 	.db #0x00	; 0
   021E 00                  583 	.db #0x00	; 0
   021F 00                  584 	.db #0x00	; 0
   0220 00                  585 	.db #0x00	; 0
   0221 00                  586 	.db #0x00	; 0
   0222 00                  587 	.db #0x00	; 0
   0223 00                  588 	.db #0x00	; 0
   0224 00                  589 	.db #0x00	; 0
   0225 00                  590 	.db #0x00	; 0
   0226 00                  591 	.db #0x00	; 0
   0227 00                  592 	.db #0x00	; 0
   0228 38                  593 	.db #0x38	; 56	'8'
   0229 38                  594 	.db #0x38	; 56	'8'
   022A 7C                  595 	.db #0x7c	; 124
   022B 44                  596 	.db #0x44	; 68	'D'
   022C D2                  597 	.db #0xd2	; 210
   022D 92                  598 	.db #0x92	; 146
   022E AA                  599 	.db #0xaa	; 170
   022F 2A                  600 	.db #0x2a	; 42
   0230 AA                  601 	.db #0xaa	; 170
   0231 AA                  602 	.db #0xaa	; 170
   0232 92                  603 	.db #0x92	; 146
   0233 96                  604 	.db #0x96	; 150
   0234 44                  605 	.db #0x44	; 68	'D'
   0235 7C                  606 	.db #0x7c	; 124
   0236 38                  607 	.db #0x38	; 56	'8'
   0237 38                  608 	.db #0x38	; 56	'8'
   0238 00                  609 	.db #0x00	; 0
   0239 00                  610 	.db #0x00	; 0
   023A 00                  611 	.db #0x00	; 0
   023B 00                  612 	.db #0x00	; 0
   023C 00                  613 	.db #0x00	; 0
   023D 00                  614 	.db #0x00	; 0
   023E 00                  615 	.db #0x00	; 0
   023F 00                  616 	.db #0x00	; 0
   0240 FF                  617 	.db #0xff	; 255
   0241 FF                  618 	.db #0xff	; 255
   0242 7F                  619 	.db #0x7f	; 127
   0243 80                  620 	.db #0x80	; 128
   0244 00                  621 	.db #0x00	; 0
   0245 80                  622 	.db #0x80	; 128
   0246 FD                  623 	.db #0xfd	; 253
   0247 FC                  624 	.db #0xfc	; 252
   0248 A1                  625 	.db #0xa1	; 161
   0249 FC                  626 	.db #0xfc	; 252
   024A E2                  627 	.db #0xe2	; 226
   024B F8                  628 	.db #0xf8	; 248
   024C C2                  629 	.db #0xc2	; 194
   024D F8                  630 	.db #0xf8	; 248
   024E C4                  631 	.db #0xc4	; 196
   024F F0                  632 	.db #0xf0	; 240
   0250 C4                  633 	.db #0xc4	; 196
   0251 F0                  634 	.db #0xf0	; 240
   0252 E6                  635 	.db #0xe6	; 230
   0253 F4                  636 	.db #0xf4	; 244
   0254 A5                  637 	.db #0xa5	; 165
   0255 F6                  638 	.db #0xf6	; 246
   0256 A2                  639 	.db #0xa2	; 162
   0257 FB                  640 	.db #0xfb	; 251
   0258 A1                  641 	.db #0xa1	; 161
   0259 FD                  642 	.db #0xfd	; 253
   025A FF                  643 	.db #0xff	; 255
   025B FF                  644 	.db #0xff	; 255
   025C FF                  645 	.db #0xff	; 255
   025D 00                  646 	.db #0x00	; 0
   025E FF                  647 	.db #0xff	; 255
   025F FF                  648 	.db #0xff	; 255
   0260 FF                  649 	.db #0xff	; 255
   0261 FF                  650 	.db #0xff	; 255
   0262 FF                  651 	.db #0xff	; 255
   0263 00                  652 	.db #0x00	; 0
   0264 00                  653 	.db #0x00	; 0
   0265 00                  654 	.db #0x00	; 0
   0266 7F                  655 	.db #0x7f	; 127
   0267 7F                  656 	.db #0x7f	; 127
   0268 82                  657 	.db #0x82	; 130
   0269 3F                  658 	.db #0x3f	; 63
   026A C3                  659 	.db #0xc3	; 195
   026B 1F                  660 	.db #0x1f	; 31
   026C 43                  661 	.db #0x43	; 67	'C'
   026D 1F                  662 	.db #0x1f	; 31
   026E 23                  663 	.db #0x23	; 35
   026F 0F                  664 	.db #0x0f	; 15
   0270 23                  665 	.db #0x23	; 35
   0271 0F                  666 	.db #0x0f	; 15
   0272 63                  667 	.db #0x63	; 99	'c'
   0273 2F                  668 	.db #0x2f	; 47
   0274 A3                  669 	.db #0xa3	; 163
   0275 6F                  670 	.db #0x6f	; 111	'o'
   0276 42                  671 	.db #0x42	; 66	'B'
   0277 DF                  672 	.db #0xdf	; 223
   0278 82                  673 	.db #0x82	; 130
   0279 BF                  674 	.db #0xbf	; 191
   027A FF                  675 	.db #0xff	; 255
   027B FF                  676 	.db #0xff	; 255
   027C FF                  677 	.db #0xff	; 255
   027D 00                  678 	.db #0x00	; 0
   027E FF                  679 	.db #0xff	; 255
   027F FF                  680 	.db #0xff	; 255
   0280 FF                  681 	.db #0xff	; 255
   0281 FF                  682 	.db #0xff	; 255
   0282 7E                  683 	.db #0x7e	; 126
   0283 80                  684 	.db #0x80	; 128
   0284 01                  685 	.db #0x01	; 1
   0285 80                  686 	.db #0x80	; 128
   0286 FD                  687 	.db #0xfd	; 253
   0287 FC                  688 	.db #0xfc	; 252
   0288 AA                  689 	.db #0xaa	; 170
   0289 F0                  690 	.db #0xf0	; 240
   028A EA                  691 	.db #0xea	; 234
   028B F0                  692 	.db #0xf0	; 240
   028C D4                  693 	.db #0xd4	; 212
   028D E0                  694 	.db #0xe0	; 224
   028E D4                  695 	.db #0xd4	; 212
   028F E0                  696 	.db #0xe0	; 224
   0290 D4                  697 	.db #0xd4	; 212
   0291 E0                  698 	.db #0xe0	; 224
   0292 D6                  699 	.db #0xd6	; 214
   0293 E4                  700 	.db #0xe4	; 228
   0294 F5                  701 	.db #0xf5	; 245
   0295 E6                  702 	.db #0xe6	; 230
   0296 AA                  703 	.db #0xaa	; 170
   0297 F3                  704 	.db #0xf3	; 243
   0298 A5                  705 	.db #0xa5	; 165
   0299 F9                  706 	.db #0xf9	; 249
   029A FF                  707 	.db #0xff	; 255
   029B FF                  708 	.db #0xff	; 255
   029C FF                  709 	.db #0xff	; 255
   029D 00                  710 	.db #0x00	; 0
   029E FF                  711 	.db #0xff	; 255
   029F FF                  712 	.db #0xff	; 255
   02A0 FF                  713 	.db #0xff	; 255
   02A1 FF                  714 	.db #0xff	; 255
   02A2 FF                  715 	.db #0xff	; 255
   02A3 00                  716 	.db #0x00	; 0
   02A4 00                  717 	.db #0x00	; 0
   02A5 00                  718 	.db #0x00	; 0
   02A6 7F                  719 	.db #0x7f	; 127
   02A7 7F                  720 	.db #0x7f	; 127
   02A8 A2                  721 	.db #0xa2	; 162
   02A9 1F                  722 	.db #0x1f	; 31
   02AA 53                  723 	.db #0x53	; 83	'S'
   02AB 0F                  724 	.db #0x0f	; 15
   02AC 53                  725 	.db #0x53	; 83	'S'
   02AD 0F                  726 	.db #0x0f	; 15
   02AE 2B                  727 	.db #0x2b	; 43
   02AF 07                  728 	.db #0x07	; 7
   02B0 2B                  729 	.db #0x2b	; 43
   02B1 07                  730 	.db #0x07	; 7
   02B2 6B                  731 	.db #0x6b	; 107	'k'
   02B3 27                  732 	.db #0x27	; 39
   02B4 AB                  733 	.db #0xab	; 171
   02B5 67                  734 	.db #0x67	; 103	'g'
   02B6 52                  735 	.db #0x52	; 82	'R'
   02B7 CF                  736 	.db #0xcf	; 207
   02B8 A2                  737 	.db #0xa2	; 162
   02B9 9F                  738 	.db #0x9f	; 159
   02BA FF                  739 	.db #0xff	; 255
   02BB FF                  740 	.db #0xff	; 255
   02BC FF                  741 	.db #0xff	; 255
   02BD 00                  742 	.db #0x00	; 0
   02BE FF                  743 	.db #0xff	; 255
   02BF FF                  744 	.db #0xff	; 255
   02C0 FC                  745 	.db #0xfc	; 252
   02C1 FC                  746 	.db #0xfc	; 252
   02C2 7D                  747 	.db #0x7d	; 125
   02C3 80                  748 	.db #0x80	; 128
   02C4 00                  749 	.db #0x00	; 0
   02C5 80                  750 	.db #0x80	; 128
   02C6 FE                  751 	.db #0xfe	; 254
   02C7 FE                  752 	.db #0xfe	; 254
   02C8 AD                  753 	.db #0xad	; 173
   02C9 F0                  754 	.db #0xf0	; 240
   02CA ED                  755 	.db #0xed	; 237
   02CB F0                  756 	.db #0xf0	; 240
   02CC DA                  757 	.db #0xda	; 218
   02CD E0                  758 	.db #0xe0	; 224
   02CE F4                  759 	.db #0xf4	; 244
   02CF C0                  760 	.db #0xc0	; 192
   02D0 F4                  761 	.db #0xf4	; 244
   02D1 C0                  762 	.db #0xc0	; 192
   02D2 F6                  763 	.db #0xf6	; 246
   02D3 C4                  764 	.db #0xc4	; 196
   02D4 F5                  765 	.db #0xf5	; 245
   02D5 C6                  766 	.db #0xc6	; 198
   02D6 BA                  767 	.db #0xba	; 186
   02D7 E3                  768 	.db #0xe3	; 227
   02D8 AD                  769 	.db #0xad	; 173
   02D9 F1                  770 	.db #0xf1	; 241
   02DA FF                  771 	.db #0xff	; 255
   02DB FF                  772 	.db #0xff	; 255
   02DC FF                  773 	.db #0xff	; 255
   02DD 00                  774 	.db #0x00	; 0
   02DE FF                  775 	.db #0xff	; 255
   02DF FF                  776 	.db #0xff	; 255
   02E0 FF                  777 	.db #0xff	; 255
   02E1 FF                  778 	.db #0xff	; 255
   02E2 7F                  779 	.db #0x7f	; 127
   02E3 00                  780 	.db #0x00	; 0
   02E4 00                  781 	.db #0x00	; 0
   02E5 00                  782 	.db #0x00	; 0
   02E6 BF                  783 	.db #0xbf	; 191
   02E7 3F                  784 	.db #0x3f	; 63
   02E8 5A                  785 	.db #0x5a	; 90	'Z'
   02E9 07                  786 	.db #0x07	; 7
   02EA 5B                  787 	.db #0x5b	; 91
   02EB 07                  788 	.db #0x07	; 7
   02EC 2F                  789 	.db #0x2f	; 47
   02ED 03                  790 	.db #0x03	; 3
   02EE 2F                  791 	.db #0x2f	; 47
   02EF 03                  792 	.db #0x03	; 3
   02F0 2F                  793 	.db #0x2f	; 47
   02F1 03                  794 	.db #0x03	; 3
   02F2 6F                  795 	.db #0x6f	; 111	'o'
   02F3 23                  796 	.db #0x23	; 35
   02F4 AF                  797 	.db #0xaf	; 175
   02F5 63                  798 	.db #0x63	; 99	'c'
   02F6 5A                  799 	.db #0x5a	; 90	'Z'
   02F7 C7                  800 	.db #0xc7	; 199
   02F8 B2                  801 	.db #0xb2	; 178
   02F9 8F                  802 	.db #0x8f	; 143
   02FA FF                  803 	.db #0xff	; 255
   02FB FF                  804 	.db #0xff	; 255
   02FC FF                  805 	.db #0xff	; 255
   02FD 00                  806 	.db #0x00	; 0
   02FE FF                  807 	.db #0xff	; 255
   02FF FF                  808 	.db #0xff	; 255
   0300 FF                  809 	.db #0xff	; 255
   0301 FF                  810 	.db #0xff	; 255
   0302 7E                  811 	.db #0x7e	; 126
   0303 80                  812 	.db #0x80	; 128
   0304 01                  813 	.db #0x01	; 1
   0305 80                  814 	.db #0x80	; 128
   0306 FD                  815 	.db #0xfd	; 253
   0307 FC                  816 	.db #0xfc	; 252
   0308 AA                  817 	.db #0xaa	; 170
   0309 F0                  818 	.db #0xf0	; 240
   030A FA                  819 	.db #0xfa	; 250
   030B E0                  820 	.db #0xe0	; 224
   030C D4                  821 	.db #0xd4	; 212
   030D E0                  822 	.db #0xe0	; 224
   030E D4                  823 	.db #0xd4	; 212
   030F E0                  824 	.db #0xe0	; 224
   0310 D4                  825 	.db #0xd4	; 212
   0311 E0                  826 	.db #0xe0	; 224
   0312 D6                  827 	.db #0xd6	; 214
   0313 E4                  828 	.db #0xe4	; 228
   0314 F5                  829 	.db #0xf5	; 245
   0315 E6                  830 	.db #0xe6	; 230
   0316 AA                  831 	.db #0xaa	; 170
   0317 F3                  832 	.db #0xf3	; 243
   0318 A5                  833 	.db #0xa5	; 165
   0319 F9                  834 	.db #0xf9	; 249
   031A FF                  835 	.db #0xff	; 255
   031B FF                  836 	.db #0xff	; 255
   031C FF                  837 	.db #0xff	; 255
   031D 00                  838 	.db #0x00	; 0
   031E FF                  839 	.db #0xff	; 255
   031F FF                  840 	.db #0xff	; 255
   0320 FF                  841 	.db #0xff	; 255
   0321 FF                  842 	.db #0xff	; 255
   0322 FF                  843 	.db #0xff	; 255
   0323 00                  844 	.db #0x00	; 0
   0324 00                  845 	.db #0x00	; 0
   0325 00                  846 	.db #0x00	; 0
   0326 7F                  847 	.db #0x7f	; 127
   0327 7F                  848 	.db #0x7f	; 127
   0328 AA                  849 	.db #0xaa	; 170
   0329 07                  850 	.db #0x07	; 7
   032A 4B                  851 	.db #0x4b	; 75	'K'
   032B 07                  852 	.db #0x07	; 7
   032C 53                  853 	.db #0x53	; 83	'S'
   032D 0F                  854 	.db #0x0f	; 15
   032E 2B                  855 	.db #0x2b	; 43
   032F 07                  856 	.db #0x07	; 7
   0330 2B                  857 	.db #0x2b	; 43
   0331 07                  858 	.db #0x07	; 7
   0332 6B                  859 	.db #0x6b	; 107	'k'
   0333 27                  860 	.db #0x27	; 39
   0334 AB                  861 	.db #0xab	; 171
   0335 67                  862 	.db #0x67	; 103	'g'
   0336 52                  863 	.db #0x52	; 82	'R'
   0337 CF                  864 	.db #0xcf	; 207
   0338 A2                  865 	.db #0xa2	; 162
   0339 9F                  866 	.db #0x9f	; 159
   033A FF                  867 	.db #0xff	; 255
   033B FF                  868 	.db #0xff	; 255
   033C FF                  869 	.db #0xff	; 255
   033D 00                  870 	.db #0x00	; 0
   033E FF                  871 	.db #0xff	; 255
   033F FF                  872 	.db #0xff	; 255
   0340 FF                  873 	.db #0xff	; 255
   0341 FF                  874 	.db #0xff	; 255
   0342 9F                  875 	.db #0x9f	; 159
   0343 A0                  876 	.db #0xa0	; 160
   0344 A0                  877 	.db #0xa0	; 160
   0345 BF                  878 	.db #0xbf	; 191
   0346 80                  879 	.db #0x80	; 128
   0347 80                  880 	.db #0x80	; 128
   0348 BD                  881 	.db #0xbd	; 189
   0349 BD                  882 	.db #0xbd	; 189
   034A 9C                  883 	.db #0x9c	; 156
   034B BC                  884 	.db #0xbc	; 188
   034C 9F                  885 	.db #0x9f	; 159
   034D BF                  886 	.db #0xbf	; 191
   034E 9F                  887 	.db #0x9f	; 159
   034F BF                  888 	.db #0xbf	; 191
   0350 9F                  889 	.db #0x9f	; 159
   0351 BF                  890 	.db #0xbf	; 191
   0352 9F                  891 	.db #0x9f	; 159
   0353 BF                  892 	.db #0xbf	; 191
   0354 80                  893 	.db #0x80	; 128
   0355 80                  894 	.db #0x80	; 128
   0356 A0                  895 	.db #0xa0	; 160
   0357 BF                  896 	.db #0xbf	; 191
   0358 A0                  897 	.db #0xa0	; 160
   0359 BF                  898 	.db #0xbf	; 191
   035A BF                  899 	.db #0xbf	; 191
   035B BF                  900 	.db #0xbf	; 191
   035C 80                  901 	.db #0x80	; 128
   035D 80                  902 	.db #0x80	; 128
   035E FF                  903 	.db #0xff	; 255
   035F FF                  904 	.db #0xff	; 255
   0360 FF                  905 	.db #0xff	; 255
   0361 FF                  906 	.db #0xff	; 255
   0362 F9                  907 	.db #0xf9	; 249
   0363 05                  908 	.db #0x05	; 5
   0364 05                  909 	.db #0x05	; 5
   0365 FD                  910 	.db #0xfd	; 253
   0366 01                  911 	.db #0x01	; 1
   0367 01                  912 	.db #0x01	; 1
   0368 BD                  913 	.db #0xbd	; 189
   0369 BD                  914 	.db #0xbd	; 189
   036A 39                  915 	.db #0x39	; 57	'9'
   036B 3D                  916 	.db #0x3d	; 61
   036C F9                  917 	.db #0xf9	; 249
   036D FD                  918 	.db #0xfd	; 253
   036E F9                  919 	.db #0xf9	; 249
   036F FD                  920 	.db #0xfd	; 253
   0370 F9                  921 	.db #0xf9	; 249
   0371 FD                  922 	.db #0xfd	; 253
   0372 F9                  923 	.db #0xf9	; 249
   0373 FD                  924 	.db #0xfd	; 253
   0374 01                  925 	.db #0x01	; 1
   0375 01                  926 	.db #0x01	; 1
   0376 05                  927 	.db #0x05	; 5
   0377 FD                  928 	.db #0xfd	; 253
   0378 05                  929 	.db #0x05	; 5
   0379 FD                  930 	.db #0xfd	; 253
   037A FD                  931 	.db #0xfd	; 253
   037B FD                  932 	.db #0xfd	; 253
   037C 01                  933 	.db #0x01	; 1
   037D 01                  934 	.db #0x01	; 1
   037E FF                  935 	.db #0xff	; 255
   037F FF                  936 	.db #0xff	; 255
   0380 00                  937 	.db #0x00	; 0
   0381 00                  938 	.db #0x00	; 0
   0382 00                  939 	.db #0x00	; 0
   0383 00                  940 	.db #0x00	; 0
   0384 00                  941 	.db #0x00	; 0
   0385 00                  942 	.db #0x00	; 0
   0386 00                  943 	.db #0x00	; 0
   0387 00                  944 	.db #0x00	; 0
   0388 00                  945 	.db #0x00	; 0
   0389 00                  946 	.db #0x00	; 0
   038A 00                  947 	.db #0x00	; 0
   038B 00                  948 	.db #0x00	; 0
   038C 01                  949 	.db #0x01	; 1
   038D 01                  950 	.db #0x01	; 1
   038E 02                  951 	.db #0x02	; 2
   038F 02                  952 	.db #0x02	; 2
   0390 04                  953 	.db #0x04	; 4
   0391 04                  954 	.db #0x04	; 4
   0392 39                  955 	.db #0x39	; 57	'9'
   0393 38                  956 	.db #0x38	; 56	'8'
   0394 3F                  957 	.db #0x3f	; 63
   0395 29                  958 	.db #0x29	; 41
   0396 2E                  959 	.db #0x2e	; 46
   0397 36                  960 	.db #0x36	; 54	'6'
   0398 16                  961 	.db #0x16	; 22
   0399 1A                  962 	.db #0x1a	; 26
   039A 0E                  963 	.db #0x0e	; 14
   039B 0E                  964 	.db #0x0e	; 14
   039C 00                  965 	.db #0x00	; 0
   039D 00                  966 	.db #0x00	; 0
   039E 00                  967 	.db #0x00	; 0
   039F 00                  968 	.db #0x00	; 0
   03A0 00                  969 	.db #0x00	; 0
   03A1 00                  970 	.db #0x00	; 0
   03A2 00                  971 	.db #0x00	; 0
   03A3 00                  972 	.db #0x00	; 0
   03A4 00                  973 	.db #0x00	; 0
   03A5 00                  974 	.db #0x00	; 0
   03A6 38                  975 	.db #0x38	; 56	'8'
   03A7 38                  976 	.db #0x38	; 56	'8'
   03A8 48                  977 	.db #0x48	; 72	'H'
   03A9 48                  978 	.db #0x48	; 72	'H'
   03AA 98                  979 	.db #0x98	; 152
   03AB 88                  980 	.db #0x88	; 136
   03AC 30                  981 	.db #0x30	; 48	'0'
   03AD 10                  982 	.db #0x10	; 16
   03AE 60                  983 	.db #0x60	; 96
   03AF 20                  984 	.db #0x20	; 32
   03B0 C0                  985 	.db #0xc0	; 192
   03B1 40                  986 	.db #0x40	; 64
   03B2 80                  987 	.db #0x80	; 128
   03B3 80                  988 	.db #0x80	; 128
   03B4 00                  989 	.db #0x00	; 0
   03B5 00                  990 	.db #0x00	; 0
   03B6 00                  991 	.db #0x00	; 0
   03B7 00                  992 	.db #0x00	; 0
   03B8 00                  993 	.db #0x00	; 0
   03B9 00                  994 	.db #0x00	; 0
   03BA 00                  995 	.db #0x00	; 0
   03BB 00                  996 	.db #0x00	; 0
   03BC 00                  997 	.db #0x00	; 0
   03BD 00                  998 	.db #0x00	; 0
   03BE 00                  999 	.db #0x00	; 0
   03BF 00                 1000 	.db #0x00	; 0
   03C0 00                 1001 	.db #0x00	; 0
   03C1 00                 1002 	.db #0x00	; 0
   03C2 00                 1003 	.db #0x00	; 0
   03C3 00                 1004 	.db #0x00	; 0
   03C4 00                 1005 	.db #0x00	; 0
   03C5 00                 1006 	.db #0x00	; 0
   03C6 07                 1007 	.db #0x07	; 7
   03C7 07                 1008 	.db #0x07	; 7
   03C8 04                 1009 	.db #0x04	; 4
   03C9 04                 1010 	.db #0x04	; 4
   03CA 06                 1011 	.db #0x06	; 6
   03CB 04                 1012 	.db #0x04	; 4
   03CC 03                 1013 	.db #0x03	; 3
   03CD 02                 1014 	.db #0x02	; 2
   03CE 01                 1015 	.db #0x01	; 1
   03CF 01                 1016 	.db #0x01	; 1
   03D0 03                 1017 	.db #0x03	; 3
   03D1 02                 1018 	.db #0x02	; 2
   03D2 03                 1019 	.db #0x03	; 3
   03D3 02                 1020 	.db #0x02	; 2
   03D4 07                 1021 	.db #0x07	; 7
   03D5 05                 1022 	.db #0x05	; 5
   03D6 07                 1023 	.db #0x07	; 7
   03D7 05                 1024 	.db #0x05	; 5
   03D8 00                 1025 	.db #0x00	; 0
   03D9 00                 1026 	.db #0x00	; 0
   03DA 00                 1027 	.db #0x00	; 0
   03DB 00                 1028 	.db #0x00	; 0
   03DC 00                 1029 	.db #0x00	; 0
   03DD 00                 1030 	.db #0x00	; 0
   03DE 00                 1031 	.db #0x00	; 0
   03DF 00                 1032 	.db #0x00	; 0
   03E0 00                 1033 	.db #0x00	; 0
   03E1 00                 1034 	.db #0x00	; 0
   03E2 00                 1035 	.db #0x00	; 0
   03E3 00                 1036 	.db #0x00	; 0
   03E4 00                 1037 	.db #0x00	; 0
   03E5 00                 1038 	.db #0x00	; 0
   03E6 0C                 1039 	.db #0x0c	; 12
   03E7 0C                 1040 	.db #0x0c	; 12
   03E8 BC                 1041 	.db #0xbc	; 188
   03E9 B0                 1042 	.db #0xb0	; 176
   03EA 7C                 1043 	.db #0x7c	; 124
   03EB 4C                 1044 	.db #0x4c	; 76	'L'
   03EC 30                 1045 	.db #0x30	; 48	'0'
   03ED 30                 1046 	.db #0x30	; 48	'0'
   03EE 90                 1047 	.db #0x90	; 144
   03EF 10                 1048 	.db #0x10	; 16
   03F0 C8                 1049 	.db #0xc8	; 200
   03F1 88                 1050 	.db #0x88	; 136
   03F2 67                 1051 	.db #0x67	; 103	'g'
   03F3 47                 1052 	.db #0x47	; 71	'G'
   03F4 3F                 1053 	.db #0x3f	; 63
   03F5 25                 1054 	.db #0x25	; 37
   03F6 1D                 1055 	.db #0x1d	; 29
   03F7 1B                 1056 	.db #0x1b	; 27
   03F8 1A                 1057 	.db #0x1a	; 26
   03F9 16                 1058 	.db #0x16	; 22
   03FA 1C                 1059 	.db #0x1c	; 28
   03FB 1C                 1060 	.db #0x1c	; 28
   03FC 00                 1061 	.db #0x00	; 0
   03FD 00                 1062 	.db #0x00	; 0
   03FE 00                 1063 	.db #0x00	; 0
   03FF 00                 1064 	.db #0x00	; 0
   0400 00                 1065 	.db #0x00	; 0
   0401 00                 1066 	.db #0x00	; 0
   0402 01                 1067 	.db #0x01	; 1
   0403 01                 1068 	.db #0x01	; 1
   0404 03                 1069 	.db #0x03	; 3
   0405 02                 1070 	.db #0x02	; 2
   0406 03                 1071 	.db #0x03	; 3
   0407 02                 1072 	.db #0x02	; 2
   0408 07                 1073 	.db #0x07	; 7
   0409 05                 1074 	.db #0x05	; 5
   040A 07                 1075 	.db #0x07	; 7
   040B 05                 1076 	.db #0x05	; 5
   040C 0E                 1077 	.db #0x0e	; 14
   040D 0A                 1078 	.db #0x0a	; 10
   040E 0E                 1079 	.db #0x0e	; 14
   040F 0A                 1080 	.db #0x0a	; 10
   0410 0F                 1081 	.db #0x0f	; 15
   0411 0F                 1082 	.db #0x0f	; 15
   0412 08                 1083 	.db #0x08	; 8
   0413 08                 1084 	.db #0x08	; 8
   0414 0F                 1085 	.db #0x0f	; 15
   0415 08                 1086 	.db #0x08	; 8
   0416 07                 1087 	.db #0x07	; 7
   0417 07                 1088 	.db #0x07	; 7
   0418 00                 1089 	.db #0x00	; 0
   0419 00                 1090 	.db #0x00	; 0
   041A 00                 1091 	.db #0x00	; 0
   041B 00                 1092 	.db #0x00	; 0
   041C 00                 1093 	.db #0x00	; 0
   041D 00                 1094 	.db #0x00	; 0
   041E 00                 1095 	.db #0x00	; 0
   041F 00                 1096 	.db #0x00	; 0
   0420 00                 1097 	.db #0x00	; 0
   0421 00                 1098 	.db #0x00	; 0
   0422 00                 1099 	.db #0x00	; 0
   0423 00                 1100 	.db #0x00	; 0
   0424 80                 1101 	.db #0x80	; 128
   0425 80                 1102 	.db #0x80	; 128
   0426 80                 1103 	.db #0x80	; 128
   0427 80                 1104 	.db #0x80	; 128
   0428 00                 1105 	.db #0x00	; 0
   0429 00                 1106 	.db #0x00	; 0
   042A 00                 1107 	.db #0x00	; 0
   042B 00                 1108 	.db #0x00	; 0
   042C 00                 1109 	.db #0x00	; 0
   042D 00                 1110 	.db #0x00	; 0
   042E 06                 1111 	.db #0x06	; 6
   042F 06                 1112 	.db #0x06	; 6
   0430 FD                 1113 	.db #0xfd	; 253
   0431 FD                 1114 	.db #0xfd	; 253
   0432 04                 1115 	.db #0x04	; 4
   0433 05                 1116 	.db #0x05	; 5
   0434 FC                 1117 	.db #0xfc	; 252
   0435 05                 1118 	.db #0x05	; 5
   0436 FD                 1119 	.db #0xfd	; 253
   0437 FD                 1120 	.db #0xfd	; 253
   0438 06                 1121 	.db #0x06	; 6
   0439 06                 1122 	.db #0x06	; 6
   043A 00                 1123 	.db #0x00	; 0
   043B 00                 1124 	.db #0x00	; 0
   043C 00                 1125 	.db #0x00	; 0
   043D 00                 1126 	.db #0x00	; 0
   043E 00                 1127 	.db #0x00	; 0
   043F 00                 1128 	.db #0x00	; 0
   0440 00                 1129 	.db #0x00	; 0
   0441 00                 1130 	.db #0x00	; 0
   0442 00                 1131 	.db #0x00	; 0
   0443 00                 1132 	.db #0x00	; 0
   0444 00                 1133 	.db #0x00	; 0
   0445 00                 1134 	.db #0x00	; 0
   0446 00                 1135 	.db #0x00	; 0
   0447 00                 1136 	.db #0x00	; 0
   0448 00                 1137 	.db #0x00	; 0
   0449 00                 1138 	.db #0x00	; 0
   044A 00                 1139 	.db #0x00	; 0
   044B 00                 1140 	.db #0x00	; 0
   044C 00                 1141 	.db #0x00	; 0
   044D 00                 1142 	.db #0x00	; 0
   044E 00                 1143 	.db #0x00	; 0
   044F 00                 1144 	.db #0x00	; 0
   0450 0F                 1145 	.db #0x0f	; 15
   0451 0F                 1146 	.db #0x0f	; 15
   0452 08                 1147 	.db #0x08	; 8
   0453 08                 1148 	.db #0x08	; 8
   0454 0F                 1149 	.db #0x0f	; 15
   0455 08                 1150 	.db #0x08	; 8
   0456 07                 1151 	.db #0x07	; 7
   0457 07                 1152 	.db #0x07	; 7
   0458 00                 1153 	.db #0x00	; 0
   0459 00                 1154 	.db #0x00	; 0
   045A 00                 1155 	.db #0x00	; 0
   045B 00                 1156 	.db #0x00	; 0
   045C 00                 1157 	.db #0x00	; 0
   045D 00                 1158 	.db #0x00	; 0
   045E 00                 1159 	.db #0x00	; 0
   045F 00                 1160 	.db #0x00	; 0
   0460 00                 1161 	.db #0x00	; 0
   0461 00                 1162 	.db #0x00	; 0
   0462 00                 1163 	.db #0x00	; 0
   0463 00                 1164 	.db #0x00	; 0
   0464 00                 1165 	.db #0x00	; 0
   0465 00                 1166 	.db #0x00	; 0
   0466 00                 1167 	.db #0x00	; 0
   0467 00                 1168 	.db #0x00	; 0
   0468 00                 1169 	.db #0x00	; 0
   0469 00                 1170 	.db #0x00	; 0
   046A 00                 1171 	.db #0x00	; 0
   046B 00                 1172 	.db #0x00	; 0
   046C 00                 1173 	.db #0x00	; 0
   046D 00                 1174 	.db #0x00	; 0
   046E 06                 1175 	.db #0x06	; 6
   046F 06                 1176 	.db #0x06	; 6
   0470 FD                 1177 	.db #0xfd	; 253
   0471 FD                 1178 	.db #0xfd	; 253
   0472 04                 1179 	.db #0x04	; 4
   0473 05                 1180 	.db #0x05	; 5
   0474 FC                 1181 	.db #0xfc	; 252
   0475 05                 1182 	.db #0x05	; 5
   0476 FD                 1183 	.db #0xfd	; 253
   0477 FD                 1184 	.db #0xfd	; 253
   0478 06                 1185 	.db #0x06	; 6
   0479 06                 1186 	.db #0x06	; 6
   047A 00                 1187 	.db #0x00	; 0
   047B 00                 1188 	.db #0x00	; 0
   047C 00                 1189 	.db #0x00	; 0
   047D 00                 1190 	.db #0x00	; 0
   047E 00                 1191 	.db #0x00	; 0
   047F 00                 1192 	.db #0x00	; 0
   0480 00                 1193 	.db #0x00	; 0
   0481 00                 1194 	.db #0x00	; 0
   0482 00                 1195 	.db #0x00	; 0
   0483 00                 1196 	.db #0x00	; 0
   0484 00                 1197 	.db #0x00	; 0
   0485 00                 1198 	.db #0x00	; 0
   0486 00                 1199 	.db #0x00	; 0
   0487 00                 1200 	.db #0x00	; 0
   0488 00                 1201 	.db #0x00	; 0
   0489 00                 1202 	.db #0x00	; 0
   048A 00                 1203 	.db #0x00	; 0
   048B 00                 1204 	.db #0x00	; 0
   048C 00                 1205 	.db #0x00	; 0
   048D 00                 1206 	.db #0x00	; 0
   048E 00                 1207 	.db #0x00	; 0
   048F 00                 1208 	.db #0x00	; 0
   0490 18                 1209 	.db #0x18	; 24
   0491 18                 1210 	.db #0x18	; 24
   0492 1E                 1211 	.db #0x1e	; 30
   0493 06                 1212 	.db #0x06	; 6
   0494 1F                 1213 	.db #0x1f	; 31
   0495 19                 1214 	.db #0x19	; 25
   0496 06                 1215 	.db #0x06	; 6
   0497 06                 1216 	.db #0x06	; 6
   0498 04                 1217 	.db #0x04	; 4
   0499 04                 1218 	.db #0x04	; 4
   049A 09                 1219 	.db #0x09	; 9
   049B 08                 1220 	.db #0x08	; 8
   049C 73                 1221 	.db #0x73	; 115	's'
   049D 71                 1222 	.db #0x71	; 113	'q'
   049E 7E                 1223 	.db #0x7e	; 126
   049F 52                 1224 	.db #0x52	; 82	'R'
   04A0 00                 1225 	.db #0x00	; 0
   04A1 00                 1226 	.db #0x00	; 0
   04A2 00                 1227 	.db #0x00	; 0
   04A3 00                 1228 	.db #0x00	; 0
   04A4 00                 1229 	.db #0x00	; 0
   04A5 00                 1230 	.db #0x00	; 0
   04A6 00                 1231 	.db #0x00	; 0
   04A7 00                 1232 	.db #0x00	; 0
   04A8 00                 1233 	.db #0x00	; 0
   04A9 00                 1234 	.db #0x00	; 0
   04AA 00                 1235 	.db #0x00	; 0
   04AB 00                 1236 	.db #0x00	; 0
   04AC 00                 1237 	.db #0x00	; 0
   04AD 00                 1238 	.db #0x00	; 0
   04AE 38                 1239 	.db #0x38	; 56	'8'
   04AF 38                 1240 	.db #0x38	; 56	'8'
   04B0 48                 1241 	.db #0x48	; 72	'H'
   04B1 48                 1242 	.db #0x48	; 72	'H'
   04B2 98                 1243 	.db #0x98	; 152
   04B3 88                 1244 	.db #0x88	; 136
   04B4 30                 1245 	.db #0x30	; 48	'0'
   04B5 10                 1246 	.db #0x10	; 16
   04B6 60                 1247 	.db #0x60	; 96
   04B7 20                 1248 	.db #0x20	; 32
   04B8 C0                 1249 	.db #0xc0	; 192
   04B9 40                 1250 	.db #0x40	; 64
   04BA E0                 1251 	.db #0xe0	; 224
   04BB A0                 1252 	.db #0xa0	; 160
   04BC E0                 1253 	.db #0xe0	; 224
   04BD A0                 1254 	.db #0xa0	; 160
   04BE 70                 1255 	.db #0x70	; 112	'p'
   04BF 50                 1256 	.db #0x50	; 80	'P'
   04C0 00                 1257 	.db #0x00	; 0
   04C1 00                 1258 	.db #0x00	; 0
   04C2 00                 1259 	.db #0x00	; 0
   04C3 00                 1260 	.db #0x00	; 0
   04C4 00                 1261 	.db #0x00	; 0
   04C5 00                 1262 	.db #0x00	; 0
   04C6 00                 1263 	.db #0x00	; 0
   04C7 00                 1264 	.db #0x00	; 0
   04C8 00                 1265 	.db #0x00	; 0
   04C9 00                 1266 	.db #0x00	; 0
   04CA 00                 1267 	.db #0x00	; 0
   04CB 00                 1268 	.db #0x00	; 0
   04CC 00                 1269 	.db #0x00	; 0
   04CD 00                 1270 	.db #0x00	; 0
   04CE F0                 1271 	.db #0xf0	; 240
   04CF F0                 1272 	.db #0xf0	; 240
   04D0 FC                 1273 	.db #0xfc	; 252
   04D1 0C                 1274 	.db #0x0c	; 12
   04D2 FE                 1275 	.db #0xfe	; 254
   04D3 F2                 1276 	.db #0xf2	; 242
   04D4 0F                 1277 	.db #0x0f	; 15
   04D5 0D                 1278 	.db #0x0d	; 13
   04D6 00                 1279 	.db #0x00	; 0
   04D7 00                 1280 	.db #0x00	; 0
   04D8 00                 1281 	.db #0x00	; 0
   04D9 00                 1282 	.db #0x00	; 0
   04DA 00                 1283 	.db #0x00	; 0
   04DB 00                 1284 	.db #0x00	; 0
   04DC 00                 1285 	.db #0x00	; 0
   04DD 00                 1286 	.db #0x00	; 0
   04DE 00                 1287 	.db #0x00	; 0
   04DF 00                 1288 	.db #0x00	; 0
   04E0 00                 1289 	.db #0x00	; 0
   04E1 00                 1290 	.db #0x00	; 0
   04E2 00                 1291 	.db #0x00	; 0
   04E3 00                 1292 	.db #0x00	; 0
   04E4 00                 1293 	.db #0x00	; 0
   04E5 00                 1294 	.db #0x00	; 0
   04E6 00                 1295 	.db #0x00	; 0
   04E7 00                 1296 	.db #0x00	; 0
   04E8 00                 1297 	.db #0x00	; 0
   04E9 00                 1298 	.db #0x00	; 0
   04EA 00                 1299 	.db #0x00	; 0
   04EB 00                 1300 	.db #0x00	; 0
   04EC 1F                 1301 	.db #0x1f	; 31
   04ED 1F                 1302 	.db #0x1f	; 31
   04EE 37                 1303 	.db #0x37	; 55	'7'
   04EF 24                 1304 	.db #0x24	; 36
   04F0 37                 1305 	.db #0x37	; 55	'7'
   04F1 27                 1306 	.db #0x27	; 39
   04F2 34                 1307 	.db #0x34	; 52	'4'
   04F3 24                 1308 	.db #0x24	; 36
   04F4 34                 1309 	.db #0x34	; 52	'4'
   04F5 24                 1310 	.db #0x24	; 36
   04F6 34                 1311 	.db #0x34	; 52	'4'
   04F7 24                 1312 	.db #0x24	; 36
   04F8 34                 1313 	.db #0x34	; 52	'4'
   04F9 24                 1314 	.db #0x24	; 36
   04FA 34                 1315 	.db #0x34	; 52	'4'
   04FB 24                 1316 	.db #0x24	; 36
   04FC 34                 1317 	.db #0x34	; 52	'4'
   04FD 24                 1318 	.db #0x24	; 36
   04FE 7E                 1319 	.db #0x7e	; 126
   04FF 7E                 1320 	.db #0x7e	; 126
   0500 00                 1321 	.db #0x00	; 0
   0501 00                 1322 	.db #0x00	; 0
   0502 00                 1323 	.db #0x00	; 0
   0503 00                 1324 	.db #0x00	; 0
   0504 00                 1325 	.db #0x00	; 0
   0505 00                 1326 	.db #0x00	; 0
   0506 00                 1327 	.db #0x00	; 0
   0507 00                 1328 	.db #0x00	; 0
   0508 00                 1329 	.db #0x00	; 0
   0509 00                 1330 	.db #0x00	; 0
   050A 00                 1331 	.db #0x00	; 0
   050B 00                 1332 	.db #0x00	; 0
   050C 00                 1333 	.db #0x00	; 0
   050D 00                 1334 	.db #0x00	; 0
   050E 00                 1335 	.db #0x00	; 0
   050F 00                 1336 	.db #0x00	; 0
   0510 00                 1337 	.db #0x00	; 0
   0511 00                 1338 	.db #0x00	; 0
   0512 00                 1339 	.db #0x00	; 0
   0513 00                 1340 	.db #0x00	; 0
   0514 00                 1341 	.db #0x00	; 0
   0515 00                 1342 	.db #0x00	; 0
   0516 00                 1343 	.db #0x00	; 0
   0517 00                 1344 	.db #0x00	; 0
   0518 00                 1345 	.db #0x00	; 0
   0519 00                 1346 	.db #0x00	; 0
   051A 00                 1347 	.db #0x00	; 0
   051B 00                 1348 	.db #0x00	; 0
   051C 00                 1349 	.db #0x00	; 0
   051D 00                 1350 	.db #0x00	; 0
   051E 00                 1351 	.db #0x00	; 0
   051F 00                 1352 	.db #0x00	; 0
   0520 00                 1353 	.db #0x00	; 0
   0521 00                 1354 	.db #0x00	; 0
   0522 00                 1355 	.db #0x00	; 0
   0523 00                 1356 	.db #0x00	; 0
   0524 00                 1357 	.db #0x00	; 0
   0525 00                 1358 	.db #0x00	; 0
   0526 00                 1359 	.db #0x00	; 0
   0527 00                 1360 	.db #0x00	; 0
   0528 00                 1361 	.db #0x00	; 0
   0529 00                 1362 	.db #0x00	; 0
   052A 00                 1363 	.db #0x00	; 0
   052B 00                 1364 	.db #0x00	; 0
   052C 18                 1365 	.db #0x18	; 24
   052D 18                 1366 	.db #0x18	; 24
   052E 34                 1367 	.db #0x34	; 52	'4'
   052F 24                 1368 	.db #0x24	; 36
   0530 34                 1369 	.db #0x34	; 52	'4'
   0531 24                 1370 	.db #0x24	; 36
   0532 34                 1371 	.db #0x34	; 52	'4'
   0533 24                 1372 	.db #0x24	; 36
   0534 34                 1373 	.db #0x34	; 52	'4'
   0535 24                 1374 	.db #0x24	; 36
   0536 34                 1375 	.db #0x34	; 52	'4'
   0537 24                 1376 	.db #0x24	; 36
   0538 34                 1377 	.db #0x34	; 52	'4'
   0539 24                 1378 	.db #0x24	; 36
   053A 34                 1379 	.db #0x34	; 52	'4'
   053B 24                 1380 	.db #0x24	; 36
   053C 34                 1381 	.db #0x34	; 52	'4'
   053D 24                 1382 	.db #0x24	; 36
   053E 7E                 1383 	.db #0x7e	; 126
   053F 7E                 1384 	.db #0x7e	; 126
   0540 7F                 1385 	.db #0x7f	; 127
   0541 7F                 1386 	.db #0x7f	; 127
   0542 81                 1387 	.db #0x81	; 129
   0543 81                 1388 	.db #0x81	; 129
   0544 9C                 1389 	.db #0x9c	; 156
   0545 80                 1390 	.db #0x80	; 128
   0546 BF                 1391 	.db #0xbf	; 191
   0547 81                 1392 	.db #0x81	; 129
   0548 FF                 1393 	.db #0xff	; 255
   0549 BC                 1394 	.db #0xbc	; 188
   054A 4B                 1395 	.db #0x4b	; 75	'K'
   054B 4B                 1396 	.db #0x4b	; 75	'K'
   054C 49                 1397 	.db #0x49	; 73	'I'
   054D 49                 1398 	.db #0x49	; 73	'I'
   054E 81                 1399 	.db #0x81	; 129
   054F 80                 1400 	.db #0x80	; 128
   0550 7B                 1401 	.db #0x7b	; 123
   0551 79                 1402 	.db #0x79	; 121	'y'
   0552 8C                 1403 	.db #0x8c	; 140
   0553 87                 1404 	.db #0x87	; 135
   0554 8F                 1405 	.db #0x8f	; 143
   0555 87                 1406 	.db #0x87	; 135
   0556 7F                 1407 	.db #0x7f	; 127
   0557 7C                 1408 	.db #0x7c	; 124
   0558 37                 1409 	.db #0x37	; 55	'7'
   0559 2C                 1410 	.db #0x2c	; 44
   055A 2F                 1411 	.db #0x2f	; 47
   055B 3F                 1412 	.db #0x3f	; 63
   055C 19                 1413 	.db #0x19	; 25
   055D 19                 1414 	.db #0x19	; 25
   055E 3F                 1415 	.db #0x3f	; 63
   055F 3F                 1416 	.db #0x3f	; 63
   0560 C0                 1417 	.db #0xc0	; 192
   0561 C0                 1418 	.db #0xc0	; 192
   0562 FE                 1419 	.db #0xfe	; 254
   0563 3E                 1420 	.db #0x3e	; 62
   0564 F1                 1421 	.db #0xf1	; 241
   0565 9F                 1422 	.db #0x9f	; 159
   0566 F1                 1423 	.db #0xf1	; 241
   0567 5F                 1424 	.db #0x5f	; 95
   0568 F9                 1425 	.db #0xf9	; 249
   0569 EF                 1426 	.db #0xef	; 239
   056A 29                 1427 	.db #0x29	; 41
   056B 3F                 1428 	.db #0x3f	; 63
   056C AA                 1429 	.db #0xaa	; 170
   056D 3E                 1430 	.db #0x3e	; 62
   056E D4                 1431 	.db #0xd4	; 212
   056F F4                 1432 	.db #0xf4	; 244
   0570 F0                 1433 	.db #0xf0	; 240
   0571 B0                 1434 	.db #0xb0	; 176
   0572 30                 1435 	.db #0x30	; 48	'0'
   0573 D0                 1436 	.db #0xd0	; 208
   0574 88                 1437 	.db #0x88	; 136
   0575 F8                 1438 	.db #0xf8	; 248
   0576 C4                 1439 	.db #0xc4	; 196
   0577 FC                 1440 	.db #0xfc	; 252
   0578 E2                 1441 	.db #0xe2	; 226
   0579 3E                 1442 	.db #0x3e	; 62
   057A 72                 1443 	.db #0x72	; 114	'r'
   057B BE                 1444 	.db #0xbe	; 190
   057C CC                 1445 	.db #0xcc	; 204
   057D CC                 1446 	.db #0xcc	; 204
   057E F8                 1447 	.db #0xf8	; 248
   057F F8                 1448 	.db #0xf8	; 248
   0580 7F                 1449 	.db #0x7f	; 127
   0581 7F                 1450 	.db #0x7f	; 127
   0582 81                 1451 	.db #0x81	; 129
   0583 81                 1452 	.db #0x81	; 129
   0584 9C                 1453 	.db #0x9c	; 156
   0585 80                 1454 	.db #0x80	; 128
   0586 BF                 1455 	.db #0xbf	; 191
   0587 81                 1456 	.db #0x81	; 129
   0588 FF                 1457 	.db #0xff	; 255
   0589 BC                 1458 	.db #0xbc	; 188
   058A 4B                 1459 	.db #0x4b	; 75	'K'
   058B 4B                 1460 	.db #0x4b	; 75	'K'
   058C 49                 1461 	.db #0x49	; 73	'I'
   058D 49                 1462 	.db #0x49	; 73	'I'
   058E 81                 1463 	.db #0x81	; 129
   058F 80                 1464 	.db #0x80	; 128
   0590 7B                 1465 	.db #0x7b	; 123
   0591 79                 1466 	.db #0x79	; 121	'y'
   0592 8C                 1467 	.db #0x8c	; 140
   0593 87                 1468 	.db #0x87	; 135
   0594 8F                 1469 	.db #0x8f	; 143
   0595 87                 1470 	.db #0x87	; 135
   0596 7F                 1471 	.db #0x7f	; 127
   0597 7C                 1472 	.db #0x7c	; 124
   0598 37                 1473 	.db #0x37	; 55	'7'
   0599 2C                 1474 	.db #0x2c	; 44
   059A 2F                 1475 	.db #0x2f	; 47
   059B 3F                 1476 	.db #0x3f	; 63
   059C 19                 1477 	.db #0x19	; 25
   059D 19                 1478 	.db #0x19	; 25
   059E 3F                 1479 	.db #0x3f	; 63
   059F 3F                 1480 	.db #0x3f	; 63
   05A0 C0                 1481 	.db #0xc0	; 192
   05A1 C0                 1482 	.db #0xc0	; 192
   05A2 FC                 1483 	.db #0xfc	; 252
   05A3 3C                 1484 	.db #0x3c	; 60
   05A4 F2                 1485 	.db #0xf2	; 242
   05A5 9E                 1486 	.db #0x9e	; 158
   05A6 F1                 1487 	.db #0xf1	; 241
   05A7 5F                 1488 	.db #0x5f	; 95
   05A8 F9                 1489 	.db #0xf9	; 249
   05A9 EF                 1490 	.db #0xef	; 239
   05AA 29                 1491 	.db #0x29	; 41
   05AB 3F                 1492 	.db #0x3f	; 63
   05AC AD                 1493 	.db #0xad	; 173
   05AD 3F                 1494 	.db #0x3f	; 63
   05AE D2                 1495 	.db #0xd2	; 210
   05AF F2                 1496 	.db #0xf2	; 242
   05B0 F0                 1497 	.db #0xf0	; 240
   05B1 B0                 1498 	.db #0xb0	; 176
   05B2 30                 1499 	.db #0x30	; 48	'0'
   05B3 D0                 1500 	.db #0xd0	; 208
   05B4 88                 1501 	.db #0x88	; 136
   05B5 F8                 1502 	.db #0xf8	; 248
   05B6 C4                 1503 	.db #0xc4	; 196
   05B7 FC                 1504 	.db #0xfc	; 252
   05B8 E2                 1505 	.db #0xe2	; 226
   05B9 3E                 1506 	.db #0x3e	; 62
   05BA 72                 1507 	.db #0x72	; 114	'r'
   05BB BE                 1508 	.db #0xbe	; 190
   05BC CC                 1509 	.db #0xcc	; 204
   05BD CC                 1510 	.db #0xcc	; 204
   05BE F8                 1511 	.db #0xf8	; 248
   05BF F8                 1512 	.db #0xf8	; 248
   05C0 3F                 1513 	.db #0x3f	; 63
   05C1 2F                 1514 	.db #0x2f	; 47
   05C2 14                 1515 	.db #0x14	; 20
   05C3 10                 1516 	.db #0x10	; 16
   05C4 3F                 1517 	.db #0x3f	; 63
   05C5 2F                 1518 	.db #0x2f	; 47
   05C6 57                 1519 	.db #0x57	; 87	'W'
   05C7 58                 1520 	.db #0x58	; 88	'X'
   05C8 5F                 1521 	.db #0x5f	; 95
   05C9 53                 1522 	.db #0x53	; 83	'S'
   05CA 7C                 1523 	.db #0x7c	; 124
   05CB 57                 1524 	.db #0x57	; 87	'W'
   05CC 2C                 1525 	.db #0x2c	; 44
   05CD 37                 1526 	.db #0x37	; 55	'7'
   05CE 74                 1527 	.db #0x74	; 116	't'
   05CF 7F                 1528 	.db #0x7f	; 127
   05D0 A4                 1529 	.db #0xa4	; 164
   05D1 BF                 1530 	.db #0xbf	; 191
   05D2 E4                 1531 	.db #0xe4	; 228
   05D3 BF                 1532 	.db #0xbf	; 191
   05D4 EC                 1533 	.db #0xec	; 236
   05D5 BF                 1534 	.db #0xbf	; 191
   05D6 64                 1535 	.db #0x64	; 100	'd'
   05D7 7F                 1536 	.db #0x7f	; 127
   05D8 47                 1537 	.db #0x47	; 71	'G'
   05D9 7F                 1538 	.db #0x7f	; 127
   05DA 40                 1539 	.db #0x40	; 64
   05DB 7F                 1540 	.db #0x7f	; 127
   05DC 80                 1541 	.db #0x80	; 128
   05DD FF                 1542 	.db #0xff	; 255
   05DE FF                 1543 	.db #0xff	; 255
   05DF FF                 1544 	.db #0xff	; 255
   05E0 E0                 1545 	.db #0xe0	; 224
   05E1 E0                 1546 	.db #0xe0	; 224
   05E2 D0                 1547 	.db #0xd0	; 208
   05E3 10                 1548 	.db #0x10	; 16
   05E4 F8                 1549 	.db #0xf8	; 248
   05E5 E8                 1550 	.db #0xe8	; 232
   05E6 F4                 1551 	.db #0xf4	; 244
   05E7 14                 1552 	.db #0x14	; 20
   05E8 F6                 1553 	.db #0xf6	; 246
   05E9 92                 1554 	.db #0x92	; 146
   05EA 76                 1555 	.db #0x76	; 118	'v'
   05EB D2                 1556 	.db #0xd2	; 210
   05EC 76                 1557 	.db #0x76	; 118	'v'
   05ED CE                 1558 	.db #0xce	; 206
   05EE 4C                 1559 	.db #0x4c	; 76	'L'
   05EF FC                 1560 	.db #0xfc	; 252
   05F0 45                 1561 	.db #0x45	; 69	'E'
   05F1 FD                 1562 	.db #0xfd	; 253
   05F2 47                 1563 	.db #0x47	; 71	'G'
   05F3 FD                 1564 	.db #0xfd	; 253
   05F4 67                 1565 	.db #0x67	; 103	'g'
   05F5 FD                 1566 	.db #0xfd	; 253
   05F6 86                 1567 	.db #0x86	; 134
   05F7 FE                 1568 	.db #0xfe	; 254
   05F8 02                 1569 	.db #0x02	; 2
   05F9 FE                 1570 	.db #0xfe	; 254
   05FA 02                 1571 	.db #0x02	; 2
   05FB FE                 1572 	.db #0xfe	; 254
   05FC 01                 1573 	.db #0x01	; 1
   05FD FF                 1574 	.db #0xff	; 255
   05FE FF                 1575 	.db #0xff	; 255
   05FF FF                 1576 	.db #0xff	; 255
   0600 7F                 1577 	.db #0x7f	; 127
   0601 47                 1578 	.db #0x47	; 71	'G'
   0602 2B                 1579 	.db #0x2b	; 43
   0603 38                 1580 	.db #0x38	; 56	'8'
   0604 1F                 1581 	.db #0x1f	; 31
   0605 17                 1582 	.db #0x17	; 23
   0606 2F                 1583 	.db #0x2f	; 47
   0607 28                 1584 	.db #0x28	; 40
   0608 6F                 1585 	.db #0x6f	; 111	'o'
   0609 49                 1586 	.db #0x49	; 73	'I'
   060A 6E                 1587 	.db #0x6e	; 110	'n'
   060B 4B                 1588 	.db #0x4b	; 75	'K'
   060C 6E                 1589 	.db #0x6e	; 110	'n'
   060D 73                 1590 	.db #0x73	; 115	's'
   060E 32                 1591 	.db #0x32	; 50	'2'
   060F 3F                 1592 	.db #0x3f	; 63
   0610 A2                 1593 	.db #0xa2	; 162
   0611 BF                 1594 	.db #0xbf	; 191
   0612 E2                 1595 	.db #0xe2	; 226
   0613 BF                 1596 	.db #0xbf	; 191
   0614 E6                 1597 	.db #0xe6	; 230
   0615 BF                 1598 	.db #0xbf	; 191
   0616 62                 1599 	.db #0x62	; 98	'b'
   0617 7F                 1600 	.db #0x7f	; 127
   0618 43                 1601 	.db #0x43	; 67	'C'
   0619 7F                 1602 	.db #0x7f	; 127
   061A 40                 1603 	.db #0x40	; 64
   061B 7F                 1604 	.db #0x7f	; 127
   061C 80                 1605 	.db #0x80	; 128
   061D FF                 1606 	.db #0xff	; 255
   061E FF                 1607 	.db #0xff	; 255
   061F FF                 1608 	.db #0xff	; 255
   0620 F0                 1609 	.db #0xf0	; 240
   0621 F0                 1610 	.db #0xf0	; 240
   0622 28                 1611 	.db #0x28	; 40
   0623 08                 1612 	.db #0x08	; 8
   0624 FC                 1613 	.db #0xfc	; 252
   0625 F4                 1614 	.db #0xf4	; 244
   0626 EA                 1615 	.db #0xea	; 234
   0627 1A                 1616 	.db #0x1a	; 26
   0628 FA                 1617 	.db #0xfa	; 250
   0629 CA                 1618 	.db #0xca	; 202
   062A 3E                 1619 	.db #0x3e	; 62
   062B EA                 1620 	.db #0xea	; 234
   062C 34                 1621 	.db #0x34	; 52	'4'
   062D EC                 1622 	.db #0xec	; 236
   062E 2E                 1623 	.db #0x2e	; 46
   062F FE                 1624 	.db #0xfe	; 254
   0630 25                 1625 	.db #0x25	; 37
   0631 FD                 1626 	.db #0xfd	; 253
   0632 27                 1627 	.db #0x27	; 39
   0633 FD                 1628 	.db #0xfd	; 253
   0634 37                 1629 	.db #0x37	; 55	'7'
   0635 FD                 1630 	.db #0xfd	; 253
   0636 46                 1631 	.db #0x46	; 70	'F'
   0637 FE                 1632 	.db #0xfe	; 254
   0638 82                 1633 	.db #0x82	; 130
   0639 FE                 1634 	.db #0xfe	; 254
   063A 02                 1635 	.db #0x02	; 2
   063B FE                 1636 	.db #0xfe	; 254
   063C 01                 1637 	.db #0x01	; 1
   063D FF                 1638 	.db #0xff	; 255
   063E FF                 1639 	.db #0xff	; 255
   063F FF                 1640 	.db #0xff	; 255
   0640 0F                 1641 	.db #0x0f	; 15
   0641 0F                 1642 	.db #0x0f	; 15
   0642 30                 1643 	.db #0x30	; 48	'0'
   0643 30                 1644 	.db #0x30	; 48	'0'
   0644 47                 1645 	.db #0x47	; 71	'G'
   0645 60                 1646 	.db #0x60	; 96
   0646 BF                 1647 	.db #0xbf	; 191
   0647 A0                 1648 	.db #0xa0	; 160
   0648 BF                 1649 	.db #0xbf	; 191
   0649 87                 1650 	.db #0x87	; 135
   064A FC                 1651 	.db #0xfc	; 252
   064B 9C                 1652 	.db #0x9c	; 156
   064C 44                 1653 	.db #0x44	; 68	'D'
   064D 64                 1654 	.db #0x64	; 100	'd'
   064E 64                 1655 	.db #0x64	; 100	'd'
   064F 44                 1656 	.db #0x44	; 68	'D'
   0650 78                 1657 	.db #0x78	; 120	'x'
   0651 50                 1658 	.db #0x50	; 80	'P'
   0652 5F                 1659 	.db #0x5f	; 95
   0653 7F                 1660 	.db #0x7f	; 127
   0654 7C                 1661 	.db #0x7c	; 124
   0655 47                 1662 	.db #0x47	; 71	'G'
   0656 60                 1663 	.db #0x60	; 96
   0657 43                 1664 	.db #0x43	; 67	'C'
   0658 63                 1665 	.db #0x63	; 99	'c'
   0659 63                 1666 	.db #0x63	; 99	'c'
   065A 23                 1667 	.db #0x23	; 35
   065B 20                 1668 	.db #0x20	; 32
   065C 27                 1669 	.db #0x27	; 39
   065D 3F                 1670 	.db #0x3f	; 63
   065E 7F                 1671 	.db #0x7f	; 127
   065F 43                 1672 	.db #0x43	; 67	'C'
   0660 C0                 1673 	.db #0xc0	; 192
   0661 C0                 1674 	.db #0xc0	; 192
   0662 30                 1675 	.db #0x30	; 48	'0'
   0663 30                 1676 	.db #0x30	; 48	'0'
   0664 88                 1677 	.db #0x88	; 136
   0665 18                 1678 	.db #0x18	; 24
   0666 F4                 1679 	.db #0xf4	; 244
   0667 14                 1680 	.db #0x14	; 20
   0668 F4                 1681 	.db #0xf4	; 244
   0669 84                 1682 	.db #0x84	; 132
   066A FC                 1683 	.db #0xfc	; 252
   066B E4                 1684 	.db #0xe4	; 228
   066C 88                 1685 	.db #0x88	; 136
   066D 98                 1686 	.db #0x98	; 152
   066E 9C                 1687 	.db #0x9c	; 156
   066F 8C                 1688 	.db #0x8c	; 140
   0670 3E                 1689 	.db #0x3e	; 62
   0671 1A                 1690 	.db #0x1a	; 26
   0672 F2                 1691 	.db #0xf2	; 242
   0673 F2                 1692 	.db #0xf2	; 242
   0674 4E                 1693 	.db #0x4e	; 78	'N'
   0675 F6                 1694 	.db #0xf6	; 246
   0676 7E                 1695 	.db #0x7e	; 126
   0677 DE                 1696 	.db #0xde	; 222
   0678 FA                 1697 	.db #0xfa	; 250
   0679 D6                 1698 	.db #0xd6	; 214
   067A FE                 1699 	.db #0xfe	; 254
   067B 3E                 1700 	.db #0x3e	; 62
   067C E8                 1701 	.db #0xe8	; 232
   067D 88                 1702 	.db #0x88	; 136
   067E F8                 1703 	.db #0xf8	; 248
   067F F8                 1704 	.db #0xf8	; 248
   0680 0F                 1705 	.db #0x0f	; 15
   0681 0F                 1706 	.db #0x0f	; 15
   0682 30                 1707 	.db #0x30	; 48	'0'
   0683 30                 1708 	.db #0x30	; 48	'0'
   0684 47                 1709 	.db #0x47	; 71	'G'
   0685 60                 1710 	.db #0x60	; 96
   0686 BF                 1711 	.db #0xbf	; 191
   0687 A0                 1712 	.db #0xa0	; 160
   0688 BF                 1713 	.db #0xbf	; 191
   0689 87                 1714 	.db #0x87	; 135
   068A FC                 1715 	.db #0xfc	; 252
   068B 9C                 1716 	.db #0x9c	; 156
   068C 44                 1717 	.db #0x44	; 68	'D'
   068D 64                 1718 	.db #0x64	; 100	'd'
   068E 64                 1719 	.db #0x64	; 100	'd'
   068F 44                 1720 	.db #0x44	; 68	'D'
   0690 78                 1721 	.db #0x78	; 120	'x'
   0691 50                 1722 	.db #0x50	; 80	'P'
   0692 5F                 1723 	.db #0x5f	; 95
   0693 7F                 1724 	.db #0x7f	; 127
   0694 7C                 1725 	.db #0x7c	; 124
   0695 47                 1726 	.db #0x47	; 71	'G'
   0696 60                 1727 	.db #0x60	; 96
   0697 43                 1728 	.db #0x43	; 67	'C'
   0698 63                 1729 	.db #0x63	; 99	'c'
   0699 63                 1730 	.db #0x63	; 99	'c'
   069A 23                 1731 	.db #0x23	; 35
   069B 20                 1732 	.db #0x20	; 32
   069C 27                 1733 	.db #0x27	; 39
   069D 3F                 1734 	.db #0x3f	; 63
   069E 7F                 1735 	.db #0x7f	; 127
   069F 43                 1736 	.db #0x43	; 67	'C'
   06A0 C0                 1737 	.db #0xc0	; 192
   06A1 C0                 1738 	.db #0xc0	; 192
   06A2 30                 1739 	.db #0x30	; 48	'0'
   06A3 30                 1740 	.db #0x30	; 48	'0'
   06A4 88                 1741 	.db #0x88	; 136
   06A5 18                 1742 	.db #0x18	; 24
   06A6 F4                 1743 	.db #0xf4	; 244
   06A7 14                 1744 	.db #0x14	; 20
   06A8 F4                 1745 	.db #0xf4	; 244
   06A9 84                 1746 	.db #0x84	; 132
   06AA FC                 1747 	.db #0xfc	; 252
   06AB E4                 1748 	.db #0xe4	; 228
   06AC 88                 1749 	.db #0x88	; 136
   06AD 98                 1750 	.db #0x98	; 152
   06AE 9C                 1751 	.db #0x9c	; 156
   06AF 8C                 1752 	.db #0x8c	; 140
   06B0 3E                 1753 	.db #0x3e	; 62
   06B1 1A                 1754 	.db #0x1a	; 26
   06B2 F2                 1755 	.db #0xf2	; 242
   06B3 F2                 1756 	.db #0xf2	; 242
   06B4 4E                 1757 	.db #0x4e	; 78	'N'
   06B5 F6                 1758 	.db #0xf6	; 246
   06B6 7E                 1759 	.db #0x7e	; 126
   06B7 DE                 1760 	.db #0xde	; 222
   06B8 FA                 1761 	.db #0xfa	; 250
   06B9 D6                 1762 	.db #0xd6	; 214
   06BA FE                 1763 	.db #0xfe	; 254
   06BB 3E                 1764 	.db #0x3e	; 62
   06BC E8                 1765 	.db #0xe8	; 232
   06BD 88                 1766 	.db #0x88	; 136
   06BE F8                 1767 	.db #0xf8	; 248
   06BF F8                 1768 	.db #0xf8	; 248
                           1769 	.area _CABS (ABS)
